<?xml version="1.0" encoding="UTF-8"?>
<!-- Generated by org.testng.reporters.JUnitReportReporter -->
<testsuite hostname="DESKTOP-65CDRDN" failures="0" tests="1" name="salesforce_test.CreateAcctTest" time="107.936" errors="0" timestamp="24 Jan 2021 10:58:36 GMT" skipped="0">
  <testcase classname="salesforce_test.CreateAcctTest" name="createtest" time="107.936"/>
</testsuite> <!-- salesforce_test.CreateAcctTest -->
