<?xml version="1.0" encoding="UTF-8"?>
<!-- Generated by org.testng.reporters.JUnitReportReporter -->
<testsuite hostname="DESKTOP-65CDRDN" failures="0" tests="1" name="salesforce.SortAccount" time="53.848" errors="0" timestamp="22 Jan 2021 18:32:09 GMT" skipped="0">
  <testcase classname="salesforce.SortAccount" name="sortaccount" time="53.848"/>
</testsuite> <!-- salesforce.SortAccount -->
