<?xml version="1.0" encoding="UTF-8"?>
<!-- Generated by org.testng.reporters.JUnitReportReporter -->
<testsuite hostname="DESKTOP-65CDRDN" failures="0" tests="1" name="salesforce_test.DeleteAcctTest" time="118.642" errors="0" timestamp="24 Jan 2021 10:06:27 GMT" skipped="0">
  <testcase classname="salesforce_test.DeleteAcctTest" name="deleteTest" time="118.642"/>
</testsuite> <!-- salesforce_test.DeleteAcctTest -->
