<?xml version="1.0" encoding="UTF-8"?>
<!-- Generated by org.testng.reporters.JUnitReportReporter -->
<testsuite hostname="DESKTOP-65CDRDN" failures="0" tests="1" name="salesforce.DeleteAccount" time="50.502" errors="0" timestamp="16 Jan 2021 19:32:22 GMT" skipped="0">
  <testcase classname="salesforce.DeleteAccount" name="deletecase" time="50.502"/>
</testsuite> <!-- salesforce.DeleteAccount -->
