<?xml version="1.0" encoding="UTF-8"?>
<!-- Generated by org.testng.reporters.JUnitReportReporter -->
<testsuite hostname="DESKTOP-65CDRDN" failures="0" tests="1" name="salesforce_test.EditAcctTest" time="93.632" errors="0" timestamp="24 Jan 2021 11:33:59 GMT" skipped="0">
  <testcase classname="salesforce_test.EditAcctTest" name="editTest" time="93.632"/>
</testsuite> <!-- salesforce_test.EditAcctTest -->
