<?xml version="1.0" encoding="UTF-8"?>
<!-- Generated by org.testng.reporters.JUnitReportReporter -->
<testsuite hostname="DESKTOP-65CDRDN" failures="0" tests="1" name="salesforce.DeleteOppurtunity" time="54.331" errors="0" timestamp="22 Jan 2021 20:43:00 GMT" skipped="0">
  <testcase classname="salesforce.DeleteOppurtunity" name="deloppur" time="54.331"/>
</testsuite> <!-- salesforce.DeleteOppurtunity -->
